<?xml version="1.0" encoding="UTF-8"?>
<testng-results ignored="0" total="9" passed="9" failed="0" skipped="0">
  <reporter-output>
  </reporter-output>
  <suite started-at="2025-09-10T10:34:15 IST" name="Default suite" finished-at="2025-09-10T10:34:26 IST" duration-ms="10926">
    <groups>
    </groups>
    <test started-at="2025-09-10T10:34:15 IST" name="Default test" finished-at="2025-09-10T10:34:26 IST" duration-ms="10926">
      <class name="testngExtra.Demo6">
        <test-method signature="case12()[pri:0, instance:testngExtra.Demo6@292b08d6]" started-at="2025-09-10T10:34:15 IST" name="case12" finished-at="2025-09-10T10:34:26 IST" duration-ms="10796" status="PASS">
          <reporter-output>
          </reporter-output>
        </test-method> <!-- case12 -->
        <test-method signature="case12()[pri:0, instance:testngExtra.Demo6@292b08d6]" started-at="2025-09-10T10:34:15 IST" name="case12" finished-at="2025-09-10T10:34:26 IST" duration-ms="10857" status="PASS">
          <reporter-output>
          </reporter-output>
        </test-method> <!-- case12 -->
        <test-method signature="case12()[pri:0, instance:testngExtra.Demo6@292b08d6]" started-at="2025-09-10T10:34:15 IST" name="case12" finished-at="2025-09-10T10:34:26 IST" duration-ms="10581" status="PASS">
          <reporter-output>
          </reporter-output>
        </test-method> <!-- case12 -->
        <test-method signature="case12()[pri:0, instance:testngExtra.Demo6@292b08d6]" started-at="2025-09-10T10:34:15 IST" name="case12" finished-at="2025-09-10T10:34:26 IST" duration-ms="10177" status="PASS">
          <reporter-output>
          </reporter-output>
        </test-method> <!-- case12 -->
        <test-method signature="case12()[pri:0, instance:testngExtra.Demo6@292b08d6]" started-at="2025-09-10T10:34:15 IST" name="case12" finished-at="2025-09-10T10:34:25 IST" duration-ms="10131" status="PASS">
          <reporter-output>
          </reporter-output>
        </test-method> <!-- case12 -->
        <test-method signature="case12()[pri:0, instance:testngExtra.Demo6@292b08d6]" started-at="2025-09-10T10:34:15 IST" name="case12" finished-at="2025-09-10T10:34:26 IST" duration-ms="10167" status="PASS">
          <reporter-output>
          </reporter-output>
        </test-method> <!-- case12 -->
        <test-method signature="case12()[pri:0, instance:testngExtra.Demo6@292b08d6]" started-at="2025-09-10T10:34:15 IST" name="case12" finished-at="2025-09-10T10:34:25 IST" duration-ms="10009" status="PASS">
          <reporter-output>
          </reporter-output>
        </test-method> <!-- case12 -->
        <test-method signature="case12()[pri:0, instance:testngExtra.Demo6@292b08d6]" started-at="2025-09-10T10:34:15 IST" name="case12" finished-at="2025-09-10T10:34:26 IST" duration-ms="10746" status="PASS">
          <reporter-output>
          </reporter-output>
        </test-method> <!-- case12 -->
        <test-method signature="case12()[pri:0, instance:testngExtra.Demo6@292b08d6]" started-at="2025-09-10T10:34:15 IST" name="case12" finished-at="2025-09-10T10:34:26 IST" duration-ms="10625" status="PASS">
          <reporter-output>
          </reporter-output>
        </test-method> <!-- case12 -->
      </class> <!-- testngExtra.Demo6 -->
    </test> <!-- Default test -->
  </suite> <!-- Default suite -->
</testng-results>
