<?xml version="1.0" encoding="UTF-8"?>
<!-- Generated by org.testng.reporters.JUnitXMLReporter -->
<testsuite ignored="0" hostname="TYSS-Piyush-Baldaniya" failures="0" tests="3" name="Default test" time="0.119" errors="0" timestamp="2025-09-04T09:49:32 IST">
  <testcase classname="testngExtra.Demo" name="case1" time="0.015"/>
  <testcase classname="testngExtra.Demo" name="case2" time="0.006"/>
  <testcase classname="testngExtra.Demo" name="case3" time="0.002"/>
</testsuite> <!-- Default test -->
