<?xml version="1.0" encoding="UTF-8"?>
<!-- Generated by org.testng.reporters.JUnitXMLReporter -->
<testsuite ignored="0" hostname="TYSS-Piyush-Baldaniya" failures="0" tests="9" name="Default test" time="10.926" errors="0" timestamp="2025-09-10T10:34:26 IST">
  <testcase classname="testngExtra.Demo6" name="case12" time="10.009"/>
  <testcase classname="testngExtra.Demo6" name="case12" time="10.131"/>
  <testcase classname="testngExtra.Demo6" name="case12" time="10.167"/>
  <testcase classname="testngExtra.Demo6" name="case12" time="10.177"/>
  <testcase classname="testngExtra.Demo6" name="case12" time="10.581"/>
  <testcase classname="testngExtra.Demo6" name="case12" time="10.625"/>
  <testcase classname="testngExtra.Demo6" name="case12" time="10.746"/>
  <testcase classname="testngExtra.Demo6" name="case12" time="10.796"/>
  <testcase classname="testngExtra.Demo6" name="case12" time="10.857"/>
</testsuite> <!-- Default test -->
