<?xml version="1.0" encoding="UTF-8"?>
<!-- Generated by org.testng.reporters.JUnitXMLReporter -->
<testsuite ignored="2" hostname="TYSS-Piyush-Baldaniya" failures="0" tests="1" name="Test" time="0.059" errors="0" timestamp="2025-09-12T10:17:48 IST">
  <testcase classname="testngExtra.Demo1" name="case2" time="0.009"/>
  <testcase classname="testngExtra.Demo1" name="case1" time="0.0">
    <ignored/>
  </testcase> <!-- case1 -->
  <testcase classname="testngExtra.Demo1" name="case3" time="0.0">
    <ignored/>
  </testcase> <!-- case3 -->
</testsuite> <!-- Test -->
