<?xml version="1.0" encoding="UTF-8"?>
<!-- Generated by org.testng.reporters.JUnitXMLReporter -->
<testsuite ignored="0" hostname="TYSS-Piyush-Baldaniya" failures="2" tests="4" name="Test" time="0.118" errors="0" timestamp="2025-09-23T10:35:20 IST">
  <testcase classname="listeners_extra.JustToProve1" name="case1" time="0.028"/>
  <testcase classname="listeners_extra.JustToProve2" name="case2" time="0.01">
    <failure type="java.lang.AssertionError" message="expected [true] but found [false]">
      <![CDATA[java.lang.AssertionError: expected [true] but found [false]
at listeners_extra.JustToProve2.case2(JustToProve2.java:11)
at java.base/java.util.ArrayList.forEach(ArrayList.java:1597)
... Removed 29 stack frames]]>
    </failure>
  </testcase> <!-- case2 -->
  <testcase classname="listeners_extra.JustToProve3" name="case3" time="0.003">
    <failure type="java.lang.AssertionError" message="expected [true] but found [false]">
      <![CDATA[java.lang.AssertionError: expected [true] but found [false]
at listeners_extra.JustToProve3.case3(JustToProve3.java:13)
at java.base/java.util.ArrayList.forEach(ArrayList.java:1597)
... Removed 29 stack frames]]>
    </failure>
  </testcase> <!-- case3 -->
  <testcase classname="listeners_extra.JustToProve3" name="case4" time="0.001">
    <skipped/>
  </testcase> <!-- case4 -->
</testsuite> <!-- Test -->
